{"C:\\Users\\Russell ROJAS\\Desktop\\GI02\\SR10\\td\\sr10\\projet v2\\myapp\\app.js": {"path":"C:\\Users\\Russell ROJAS\\Desktop\\GI02\\SR10\\td\\sr10\\projet v2\\myapp\\app.js","statementMap":{"0":{"start":{"line":1,"column":18},"end":{"line":1,"column":40}},"1":{"start":{"line":2,"column":14},"end":{"line":2,"column":32}},"2":{"start":{"line":3,"column":11},"end":{"line":3,"column":26}},"3":{"start":{"line":4,"column":19},"end":{"line":4,"column":43}},"4":{"start":{"line":5,"column":13},"end":{"line":5,"column":30}},"5":{"start":{"line":9,"column":18},"end":{"line":9,"column":43}},"6":{"start":{"line":10,"column":18},"end":{"line":10,"column":43}},"7":{"start":{"line":11,"column":21},"end":{"line":11,"column":49}},"8":{"start":{"line":12,"column":22},"end":{"line":12,"column":51}},"9":{"start":{"line":13,"column":10},"end":{"line":13,"column":19}},"10":{"start":{"line":14,"column":14},"end":{"line":14,"column":37}},"11":{"start":{"line":17,"column":0},"end":{"line":17,"column":48}},"12":{"start":{"line":18,"column":0},"end":{"line":18,"column":30}},"13":{"start":{"line":20,"column":0},"end":{"line":20,"column":23}},"14":{"start":{"line":21,"column":0},"end":{"line":21,"column":24}},"15":{"start":{"line":22,"column":0},"end":{"line":22,"column":49}},"16":{"start":{"line":23,"column":0},"end":{"line":23,"column":24}},"17":{"start":{"line":24,"column":0},"end":{"line":24,"column":56}},"18":{"start":{"line":25,"column":0},"end":{"line":25,"column":24}},"19":{"start":{"line":28,"column":0},"end":{"line":62,"column":3}},"20":{"start":{"line":29,"column":2},"end":{"line":29,"column":49}},"21":{"start":{"line":29,"column":35},"end":{"line":29,"column":49}},"22":{"start":{"line":31,"column":25},"end":{"line":31,"column":50}},"23":{"start":{"line":32,"column":21},"end":{"line":32,"column":244}},"24":{"start":{"line":33,"column":25},"end":{"line":33,"column":93}},"25":{"start":{"line":35,"column":2},"end":{"line":35,"column":39}},"26":{"start":{"line":36,"column":2},"end":{"line":36,"column":74}},"27":{"start":{"line":37,"column":2},"end":{"line":37,"column":65}},"28":{"start":{"line":38,"column":2},"end":{"line":38,"column":69}},"29":{"start":{"line":39,"column":2},"end":{"line":39,"column":66}},"30":{"start":{"line":41,"column":2},"end":{"line":41,"column":55}},"31":{"start":{"line":41,"column":41},"end":{"line":41,"column":55}},"32":{"start":{"line":43,"column":2},"end":{"line":61,"column":3}},"33":{"start":{"line":44,"column":4},"end":{"line":48,"column":69}},"34":{"start":{"line":44,"column":52},"end":{"line":44,"column":146}},"35":{"start":{"line":44,"column":147},"end":{"line":44,"column":161}},"36":{"start":{"line":46,"column":4},"end":{"line":48,"column":69}},"37":{"start":{"line":50,"column":4},"end":{"line":60,"column":5}},"38":{"start":{"line":51,"column":6},"end":{"line":55,"column":71}},"39":{"start":{"line":51,"column":57},"end":{"line":51,"column":71}},"40":{"start":{"line":53,"column":6},"end":{"line":55,"column":71}},"41":{"start":{"line":57,"column":6},"end":{"line":59,"column":29}},"42":{"start":{"line":57,"column":44},"end":{"line":57,"column":58}},"43":{"start":{"line":59,"column":11},"end":{"line":59,"column":29}},"44":{"start":{"line":64,"column":0},"end":{"line":64,"column":26}},"45":{"start":{"line":65,"column":0},"end":{"line":65,"column":31}},"46":{"start":{"line":66,"column":0},"end":{"line":66,"column":36}},"47":{"start":{"line":67,"column":0},"end":{"line":67,"column":38}},"48":{"start":{"line":70,"column":0},"end":{"line":72,"column":3}},"49":{"start":{"line":71,"column":2},"end":{"line":71,"column":25}},"50":{"start":{"line":75,"column":0},"end":{"line":83,"column":3}},"51":{"start":{"line":77,"column":2},"end":{"line":77,"column":35}},"52":{"start":{"line":78,"column":2},"end":{"line":78,"column":69}},"53":{"start":{"line":81,"column":2},"end":{"line":81,"column":32}},"54":{"start":{"line":82,"column":2},"end":{"line":82,"column":22}},"55":{"start":{"line":85,"column":0},"end":{"line":85,"column":21}}},"fnMap":{"0":{"name":"(anonymous_0)","decl":{"start":{"line":28,"column":13},"end":{"line":28,"column":14}},"loc":{"start":{"line":28,"column":39},"end":{"line":62,"column":1}},"line":28},"1":{"name":"(anonymous_1)","decl":{"start":{"line":70,"column":8},"end":{"line":70,"column":9}},"loc":{"start":{"line":70,"column":33},"end":{"line":72,"column":1}},"line":70},"2":{"name":"(anonymous_2)","decl":{"start":{"line":75,"column":8},"end":{"line":75,"column":9}},"loc":{"start":{"line":75,"column":38},"end":{"line":83,"column":1}},"line":75}},"branchMap":{"0":{"loc":{"start":{"line":29,"column":2},"end":{"line":29,"column":49}},"type":"if","locations":[{"start":{"line":29,"column":2},"end":{"line":29,"column":49}},{"start":{},"end":{}}],"line":29},"1":{"loc":{"start":{"line":41,"column":2},"end":{"line":41,"column":55}},"type":"if","locations":[{"start":{"line":41,"column":2},"end":{"line":41,"column":55}},{"start":{},"end":{}}],"line":41},"2":{"loc":{"start":{"line":43,"column":2},"end":{"line":61,"column":3}},"type":"if","locations":[{"start":{"line":43,"column":2},"end":{"line":61,"column":3}},{"start":{"line":49,"column":9},"end":{"line":61,"column":3}}],"line":43},"3":{"loc":{"start":{"line":44,"column":4},"end":{"line":48,"column":69}},"type":"if","locations":[{"start":{"line":44,"column":4},"end":{"line":48,"column":69}},{"start":{"line":46,"column":4},"end":{"line":48,"column":69}}],"line":44},"4":{"loc":{"start":{"line":50,"column":4},"end":{"line":60,"column":5}},"type":"if","locations":[{"start":{"line":50,"column":4},"end":{"line":60,"column":5}},{"start":{"line":56,"column":11},"end":{"line":60,"column":5}}],"line":50},"5":{"loc":{"start":{"line":51,"column":6},"end":{"line":55,"column":71}},"type":"if","locations":[{"start":{"line":51,"column":6},"end":{"line":55,"column":71}},{"start":{"line":53,"column":6},"end":{"line":55,"column":71}}],"line":51},"6":{"loc":{"start":{"line":57,"column":6},"end":{"line":59,"column":29}},"type":"if","locations":[{"start":{"line":57,"column":6},"end":{"line":59,"column":29}},{"start":{"line":59,"column":11},"end":{"line":59,"column":29}}],"line":57},"7":{"loc":{"start":{"line":78,"column":21},"end":{"line":78,"column":68}},"type":"cond-expr","locations":[{"start":{"line":78,"column":60},"end":{"line":78,"column":63}},{"start":{"line":78,"column":66},"end":{"line":78,"column":68}}],"line":78},"8":{"loc":{"start":{"line":81,"column":13},"end":{"line":81,"column":30}},"type":"binary-expr","locations":[{"start":{"line":81,"column":13},"end":{"line":81,"column":23}},{"start":{"line":81,"column":27},"end":{"line":81,"column":30}}],"line":81}},"s":{"0":1,"1":1,"2":1,"3":1,"4":1,"5":1,"6":1,"7":1,"8":1,"9":1,"10":1,"11":1,"12":1,"13":1,"14":1,"15":1,"16":1,"17":1,"18":1,"19":1,"20":15,"21":0,"22":15,"23":15,"24":15,"25":15,"26":15,"27":15,"28":15,"29":15,"30":15,"31":1,"32":14,"33":5,"34":0,"35":0,"36":5,"37":9,"38":2,"39":0,"40":2,"41":7,"42":0,"43":7,"44":1,"45":1,"46":1,"47":1,"48":1,"49":0,"50":1,"51":0,"52":0,"53":0,"54":0,"55":1},"f":{"0":15,"1":0,"2":0},"b":{"0":[0,15],"1":[1,14],"2":[5,9],"3":[0,5],"4":[2,7],"5":[0,2],"6":[0,7],"7":[0,0],"8":[0,0]},"_coverageSchema":"1a1c01bbd47fc00a2c39e90264f33305004495a9","hash":"cee5a161826e4a6692a1d9a9a989a0a5acc3b1eb"}
,"C:\\Users\\Russell ROJAS\\Desktop\\GI02\\SR10\\td\\sr10\\projet v2\\myapp\\session.js": {"path":"C:\\Users\\Russell ROJAS\\Desktop\\GI02\\SR10\\td\\sr10\\projet v2\\myapp\\session.js","statementMap":{"0":{"start":{"line":1,"column":17},"end":{"line":1,"column":43}},"1":{"start":{"line":2,"column":0},"end":{"line":29,"column":2}},"2":{"start":{"line":4,"column":8},"end":{"line":9,"column":11}},"3":{"start":{"line":12,"column":8},"end":{"line":12,"column":72}},"4":{"start":{"line":12,"column":23},"end":{"line":12,"column":56}},"5":{"start":{"line":12,"column":57},"end":{"line":12,"column":70}},"6":{"start":{"line":13,"column":8},"end":{"line":13,"column":28}},"7":{"start":{"line":14,"column":8},"end":{"line":14,"column":30}},"8":{"start":{"line":15,"column":8},"end":{"line":15,"column":28}},"9":{"start":{"line":16,"column":8},"end":{"line":18,"column":11}},"10":{"start":{"line":17,"column":12},"end":{"line":17,"column":29}},"11":{"start":{"line":19,"column":8},"end":{"line":19,"column":23}},"12":{"start":{"line":22,"column":8},"end":{"line":22,"column":88}},"13":{"start":{"line":22,"column":74},"end":{"line":22,"column":87}},"14":{"start":{"line":23,"column":8},"end":{"line":23,"column":57}},"15":{"start":{"line":23,"column":43},"end":{"line":23,"column":56}},"16":{"start":{"line":24,"column":8},"end":{"line":24,"column":20}},"17":{"start":{"line":27,"column":8},"end":{"line":27,"column":26}}},"fnMap":{"0":{"name":"(anonymous_0)","decl":{"start":{"line":3,"column":10},"end":{"line":3,"column":11}},"loc":{"start":{"line":3,"column":16},"end":{"line":10,"column":5}},"line":3},"1":{"name":"(anonymous_1)","decl":{"start":{"line":11,"column":18},"end":{"line":11,"column":19}},"loc":{"start":{"line":11,"column":54},"end":{"line":20,"column":5}},"line":11},"2":{"name":"(anonymous_2)","decl":{"start":{"line":16,"column":21},"end":{"line":16,"column":22}},"loc":{"start":{"line":16,"column":36},"end":{"line":18,"column":9}},"line":16},"3":{"name":"(anonymous_3)","decl":{"start":{"line":21,"column":17},"end":{"line":21,"column":18}},"loc":{"start":{"line":21,"column":36},"end":{"line":25,"column":5}},"line":21},"4":{"name":"(anonymous_4)","decl":{"start":{"line":26,"column":19},"end":{"line":26,"column":20}},"loc":{"start":{"line":26,"column":38},"end":{"line":28,"column":5}},"line":26}},"branchMap":{"0":{"loc":{"start":{"line":12,"column":8},"end":{"line":12,"column":72}},"type":"if","locations":[{"start":{"line":12,"column":8},"end":{"line":12,"column":72}},{"start":{},"end":{}}],"line":12},"1":{"loc":{"start":{"line":22,"column":8},"end":{"line":22,"column":88}},"type":"if","locations":[{"start":{"line":22,"column":8},"end":{"line":22,"column":88}},{"start":{},"end":{}}],"line":22},"2":{"loc":{"start":{"line":22,"column":12},"end":{"line":22,"column":71}},"type":"binary-expr","locations":[{"start":{"line":22,"column":12},"end":{"line":22,"column":20}},{"start":{"line":22,"column":24},"end":{"line":22,"column":39}},{"start":{"line":22,"column":43},"end":{"line":22,"column":71}}],"line":22},"3":{"loc":{"start":{"line":23,"column":8},"end":{"line":23,"column":57}},"type":"if","locations":[{"start":{"line":23,"column":8},"end":{"line":23,"column":57}},{"start":{},"end":{}}],"line":23},"4":{"loc":{"start":{"line":23,"column":12},"end":{"line":23,"column":41}},"type":"binary-expr","locations":[{"start":{"line":23,"column":12},"end":{"line":23,"column":16}},{"start":{"line":23,"column":20},"end":{"line":23,"column":41}}],"line":23}},"s":{"0":1,"1":1,"2":1,"3":0,"4":0,"5":0,"6":0,"7":0,"8":0,"9":0,"10":0,"11":0,"12":29,"13":29,"14":0,"15":0,"16":0,"17":0},"f":{"0":1,"1":0,"2":0,"3":29,"4":0},"b":{"0":[0,0],"1":[29,0],"2":[29,29,0],"3":[0,0],"4":[0,0]},"_coverageSchema":"1a1c01bbd47fc00a2c39e90264f33305004495a9","hash":"2cef655e6086c20b23d3bdca4df37717cfa91e01"}
,"C:\\Users\\Russell ROJAS\\Desktop\\GI02\\SR10\\td\\sr10\\projet v2\\myapp\\model\\candidatures.js": {"path":"C:\\Users\\Russell ROJAS\\Desktop\\GI02\\SR10\\td\\sr10\\projet v2\\myapp\\model\\candidatures.js","statementMap":{"0":{"start":{"line":1,"column":17},"end":{"line":1,"column":65}},"1":{"start":{"line":2,"column":9},"end":{"line":2,"column":34}},"2":{"start":{"line":3,"column":0},"end":{"line":72,"column":1}},"3":{"start":{"line":6,"column":22},"end":{"line":18,"column":43}},"4":{"start":{"line":19,"column":8},"end":{"line":22,"column":11}},"5":{"start":{"line":20,"column":12},"end":{"line":20,"column":42}},"6":{"start":{"line":20,"column":21},"end":{"line":20,"column":42}},"7":{"start":{"line":21,"column":12},"end":{"line":21,"column":36}},"8":{"start":{"line":26,"column":22},"end":{"line":40,"column":32}},"9":{"start":{"line":41,"column":8},"end":{"line":44,"column":11}},"10":{"start":{"line":42,"column":12},"end":{"line":42,"column":42}},"11":{"start":{"line":42,"column":21},"end":{"line":42,"column":42}},"12":{"start":{"line":43,"column":12},"end":{"line":43,"column":30}},"13":{"start":{"line":48,"column":22},"end":{"line":66,"column":26}},"14":{"start":{"line":67,"column":8},"end":{"line":70,"column":11}},"15":{"start":{"line":68,"column":12},"end":{"line":68,"column":42}},"16":{"start":{"line":68,"column":21},"end":{"line":68,"column":42}},"17":{"start":{"line":69,"column":12},"end":{"line":69,"column":36}}},"fnMap":{"0":{"name":"(anonymous_0)","decl":{"start":{"line":5,"column":37},"end":{"line":5,"column":38}},"loc":{"start":{"line":5,"column":61},"end":{"line":23,"column":5}},"line":5},"1":{"name":"(anonymous_1)","decl":{"start":{"line":19,"column":30},"end":{"line":19,"column":31}},"loc":{"start":{"line":19,"column":54},"end":{"line":22,"column":9}},"line":19},"2":{"name":"(anonymous_2)","decl":{"start":{"line":25,"column":21},"end":{"line":25,"column":22}},"loc":{"start":{"line":25,"column":45},"end":{"line":45,"column":5}},"line":25},"3":{"name":"(anonymous_3)","decl":{"start":{"line":41,"column":30},"end":{"line":41,"column":31}},"loc":{"start":{"line":41,"column":54},"end":{"line":44,"column":9}},"line":41},"4":{"name":"(anonymous_4)","decl":{"start":{"line":47,"column":42},"end":{"line":47,"column":43}},"loc":{"start":{"line":47,"column":66},"end":{"line":71,"column":5}},"line":47},"5":{"name":"(anonymous_5)","decl":{"start":{"line":67,"column":30},"end":{"line":67,"column":31}},"loc":{"start":{"line":67,"column":54},"end":{"line":70,"column":9}},"line":67}},"branchMap":{"0":{"loc":{"start":{"line":20,"column":12},"end":{"line":20,"column":42}},"type":"if","locations":[{"start":{"line":20,"column":12},"end":{"line":20,"column":42}},{"start":{},"end":{}}],"line":20},"1":{"loc":{"start":{"line":42,"column":12},"end":{"line":42,"column":42}},"type":"if","locations":[{"start":{"line":42,"column":12},"end":{"line":42,"column":42}},{"start":{},"end":{}}],"line":42},"2":{"loc":{"start":{"line":68,"column":12},"end":{"line":68,"column":42}},"type":"if","locations":[{"start":{"line":68,"column":12},"end":{"line":68,"column":42}},{"start":{},"end":{}}],"line":68}},"s":{"0":1,"1":1,"2":1,"3":0,"4":0,"5":0,"6":0,"7":0,"8":0,"9":0,"10":0,"11":0,"12":0,"13":0,"14":0,"15":0,"16":0,"17":0},"f":{"0":0,"1":0,"2":0,"3":0,"4":0,"5":0},"b":{"0":[0,0],"1":[0,0],"2":[0,0]},"_coverageSchema":"1a1c01bbd47fc00a2c39e90264f33305004495a9","hash":"bac8958f8b094fb81c53a416547a1b44e4cf3692"}
,"C:\\Users\\Russell ROJAS\\Desktop\\GI02\\SR10\\td\\sr10\\projet v2\\myapp\\model\\connexion.js": {"path":"C:\\Users\\Russell ROJAS\\Desktop\\GI02\\SR10\\td\\sr10\\projet v2\\myapp\\model\\connexion.js","statementMap":{"0":{"start":{"line":1,"column":12},"end":{"line":1,"column":28}},"1":{"start":{"line":2,"column":11},"end":{"line":7,"column":2}},"2":{"start":{"line":8,"column":0},"end":{"line":8,"column":22}}},"fnMap":{},"branchMap":{},"s":{"0":1,"1":1,"2":1},"f":{},"b":{},"_coverageSchema":"1a1c01bbd47fc00a2c39e90264f33305004495a9","hash":"fbb324f5caf126eb0d4dafac02b24ea745d19c86"}
,"C:\\Users\\Russell ROJAS\\Desktop\\GI02\\SR10\\td\\sr10\\projet v2\\myapp\\model\\offres_emploi.js": {"path":"C:\\Users\\Russell ROJAS\\Desktop\\GI02\\SR10\\td\\sr10\\projet v2\\myapp\\model\\offres_emploi.js","statementMap":{"0":{"start":{"line":1,"column":17},"end":{"line":1,"column":65}},"1":{"start":{"line":2,"column":9},"end":{"line":2,"column":34}},"2":{"start":{"line":3,"column":0},"end":{"line":47,"column":1}},"3":{"start":{"line":5,"column":8},"end":{"line":8,"column":11}},"4":{"start":{"line":6,"column":12},"end":{"line":6,"column":31}},"5":{"start":{"line":6,"column":21},"end":{"line":6,"column":31}},"6":{"start":{"line":7,"column":12},"end":{"line":7,"column":30}},"7":{"start":{"line":11,"column":22},"end":{"line":33,"column":26}},"8":{"start":{"line":34,"column":8},"end":{"line":37,"column":11}},"9":{"start":{"line":35,"column":12},"end":{"line":35,"column":42}},"10":{"start":{"line":35,"column":21},"end":{"line":35,"column":42}},"11":{"start":{"line":36,"column":12},"end":{"line":36,"column":39}},"12":{"start":{"line":41,"column":8},"end":{"line":44,"column":11}},"13":{"start":{"line":42,"column":12},"end":{"line":42,"column":42}},"14":{"start":{"line":42,"column":21},"end":{"line":42,"column":42}},"15":{"start":{"line":43,"column":12},"end":{"line":43,"column":36}}},"fnMap":{"0":{"name":"(anonymous_0)","decl":{"start":{"line":4,"column":26},"end":{"line":4,"column":27}},"loc":{"start":{"line":4,"column":46},"end":{"line":9,"column":5}},"line":4},"1":{"name":"(anonymous_1)","decl":{"start":{"line":5,"column":94},"end":{"line":5,"column":95}},"loc":{"start":{"line":5,"column":118},"end":{"line":8,"column":9}},"line":5},"2":{"name":"(anonymous_2)","decl":{"start":{"line":10,"column":15},"end":{"line":10,"column":16}},"loc":{"start":{"line":10,"column":39},"end":{"line":38,"column":5}},"line":10},"3":{"name":"(anonymous_3)","decl":{"start":{"line":34,"column":30},"end":{"line":34,"column":31}},"loc":{"start":{"line":34,"column":54},"end":{"line":37,"column":9}},"line":34},"4":{"name":"(anonymous_4)","decl":{"start":{"line":40,"column":34},"end":{"line":40,"column":35}},"loc":{"start":{"line":40,"column":54},"end":{"line":45,"column":5}},"line":40},"5":{"name":"(anonymous_5)","decl":{"start":{"line":41,"column":117},"end":{"line":41,"column":118}},"loc":{"start":{"line":41,"column":141},"end":{"line":44,"column":9}},"line":41}},"branchMap":{"0":{"loc":{"start":{"line":6,"column":12},"end":{"line":6,"column":31}},"type":"if","locations":[{"start":{"line":6,"column":12},"end":{"line":6,"column":31}},{"start":{},"end":{}}],"line":6},"1":{"loc":{"start":{"line":35,"column":12},"end":{"line":35,"column":42}},"type":"if","locations":[{"start":{"line":35,"column":12},"end":{"line":35,"column":42}},{"start":{},"end":{}}],"line":35},"2":{"loc":{"start":{"line":42,"column":12},"end":{"line":42,"column":42}},"type":"if","locations":[{"start":{"line":42,"column":12},"end":{"line":42,"column":42}},{"start":{},"end":{}}],"line":42}},"s":{"0":1,"1":1,"2":1,"3":0,"4":0,"5":0,"6":0,"7":0,"8":0,"9":0,"10":0,"11":0,"12":0,"13":0,"14":0,"15":0},"f":{"0":0,"1":0,"2":0,"3":0,"4":0,"5":0},"b":{"0":[0,0],"1":[0,0],"2":[0,0]},"_coverageSchema":"1a1c01bbd47fc00a2c39e90264f33305004495a9","hash":"e07280b53374d80481ed948b47ae4c4d72f0135c"}
,"C:\\Users\\Russell ROJAS\\Desktop\\GI02\\SR10\\td\\sr10\\projet v2\\myapp\\model\\organisations.js": {"path":"C:\\Users\\Russell ROJAS\\Desktop\\GI02\\SR10\\td\\sr10\\projet v2\\myapp\\model\\organisations.js","statementMap":{"0":{"start":{"line":1,"column":17},"end":{"line":1,"column":65}},"1":{"start":{"line":2,"column":9},"end":{"line":2,"column":34}},"2":{"start":{"line":3,"column":0},"end":{"line":28,"column":1}},"3":{"start":{"line":5,"column":20},"end":{"line":5,"column":92}},"4":{"start":{"line":6,"column":23},"end":{"line":6,"column":56}},"5":{"start":{"line":8,"column":8},"end":{"line":11,"column":11}},"6":{"start":{"line":9,"column":12},"end":{"line":9,"column":31}},"7":{"start":{"line":9,"column":21},"end":{"line":9,"column":31}},"8":{"start":{"line":10,"column":12},"end":{"line":10,"column":30}},"9":{"start":{"line":16,"column":8},"end":{"line":19,"column":11}},"10":{"start":{"line":17,"column":12},"end":{"line":17,"column":31}},"11":{"start":{"line":17,"column":21},"end":{"line":17,"column":31}},"12":{"start":{"line":18,"column":12},"end":{"line":18,"column":30}},"13":{"start":{"line":23,"column":8},"end":{"line":26,"column":11}},"14":{"start":{"line":24,"column":12},"end":{"line":24,"column":31}},"15":{"start":{"line":24,"column":21},"end":{"line":24,"column":31}},"16":{"start":{"line":25,"column":12},"end":{"line":25,"column":33}}},"fnMap":{"0":{"name":"(anonymous_0)","decl":{"start":{"line":4,"column":24},"end":{"line":4,"column":25}},"loc":{"start":{"line":4,"column":77},"end":{"line":12,"column":5}},"line":4},"1":{"name":"(anonymous_1)","decl":{"start":{"line":8,"column":32},"end":{"line":8,"column":33}},"loc":{"start":{"line":8,"column":56},"end":{"line":11,"column":9}},"line":8},"2":{"name":"(anonymous_2)","decl":{"start":{"line":15,"column":26},"end":{"line":15,"column":27}},"loc":{"start":{"line":15,"column":46},"end":{"line":20,"column":5}},"line":15},"3":{"name":"(anonymous_3)","decl":{"start":{"line":16,"column":48},"end":{"line":16,"column":49}},"loc":{"start":{"line":16,"column":72},"end":{"line":19,"column":9}},"line":16},"4":{"name":"(anonymous_4)","decl":{"start":{"line":22,"column":25},"end":{"line":22,"column":26}},"loc":{"start":{"line":22,"column":52},"end":{"line":27,"column":5}},"line":22},"5":{"name":"(anonymous_5)","decl":{"start":{"line":23,"column":73},"end":{"line":23,"column":74}},"loc":{"start":{"line":23,"column":97},"end":{"line":26,"column":9}},"line":23}},"branchMap":{"0":{"loc":{"start":{"line":9,"column":12},"end":{"line":9,"column":31}},"type":"if","locations":[{"start":{"line":9,"column":12},"end":{"line":9,"column":31}},{"start":{},"end":{}}],"line":9},"1":{"loc":{"start":{"line":17,"column":12},"end":{"line":17,"column":31}},"type":"if","locations":[{"start":{"line":17,"column":12},"end":{"line":17,"column":31}},{"start":{},"end":{}}],"line":17},"2":{"loc":{"start":{"line":24,"column":12},"end":{"line":24,"column":31}},"type":"if","locations":[{"start":{"line":24,"column":12},"end":{"line":24,"column":31}},{"start":{},"end":{}}],"line":24}},"s":{"0":1,"1":1,"2":1,"3":0,"4":0,"5":0,"6":0,"7":0,"8":0,"9":0,"10":0,"11":0,"12":0,"13":0,"14":0,"15":0,"16":0},"f":{"0":0,"1":0,"2":0,"3":0,"4":0,"5":0},"b":{"0":[0,0],"1":[0,0],"2":[0,0]},"_coverageSchema":"1a1c01bbd47fc00a2c39e90264f33305004495a9","hash":"00291e36bbebc84a667e0803d613d760f0c368ec"}
,"C:\\Users\\Russell ROJAS\\Desktop\\GI02\\SR10\\td\\sr10\\projet v2\\myapp\\model\\utilisateurs.js": {"path":"C:\\Users\\Russell ROJAS\\Desktop\\GI02\\SR10\\td\\sr10\\projet v2\\myapp\\model\\utilisateurs.js","statementMap":{"0":{"start":{"line":1,"column":17},"end":{"line":1,"column":65}},"1":{"start":{"line":2,"column":9},"end":{"line":2,"column":34}},"2":{"start":{"line":3,"column":0},"end":{"line":162,"column":1}},"3":{"start":{"line":5,"column":4},"end":{"line":8,"column":7}},"4":{"start":{"line":6,"column":8},"end":{"line":6,"column":27}},"5":{"start":{"line":6,"column":17},"end":{"line":6,"column":27}},"6":{"start":{"line":7,"column":8},"end":{"line":7,"column":26}},"7":{"start":{"line":13,"column":4},"end":{"line":17,"column":7}},"8":{"start":{"line":15,"column":4},"end":{"line":15,"column":23}},"9":{"start":{"line":15,"column":13},"end":{"line":15,"column":23}},"10":{"start":{"line":16,"column":4},"end":{"line":16,"column":22}},"11":{"start":{"line":22,"column":4},"end":{"line":26,"column":7}},"12":{"start":{"line":24,"column":4},"end":{"line":24,"column":23}},"13":{"start":{"line":24,"column":13},"end":{"line":24,"column":23}},"14":{"start":{"line":25,"column":4},"end":{"line":25,"column":22}},"15":{"start":{"line":31,"column":4},"end":{"line":35,"column":7}},"16":{"start":{"line":33,"column":4},"end":{"line":33,"column":23}},"17":{"start":{"line":33,"column":13},"end":{"line":33,"column":23}},"18":{"start":{"line":34,"column":4},"end":{"line":34,"column":22}},"19":{"start":{"line":40,"column":4},"end":{"line":44,"column":7}},"20":{"start":{"line":42,"column":4},"end":{"line":42,"column":23}},"21":{"start":{"line":42,"column":13},"end":{"line":42,"column":23}},"22":{"start":{"line":43,"column":4},"end":{"line":43,"column":22}},"23":{"start":{"line":49,"column":4},"end":{"line":54,"column":7}},"24":{"start":{"line":52,"column":4},"end":{"line":52,"column":23}},"25":{"start":{"line":52,"column":13},"end":{"line":52,"column":23}},"26":{"start":{"line":53,"column":4},"end":{"line":53,"column":22}},"27":{"start":{"line":59,"column":4},"end":{"line":64,"column":7}},"28":{"start":{"line":62,"column":4},"end":{"line":62,"column":23}},"29":{"start":{"line":62,"column":13},"end":{"line":62,"column":23}},"30":{"start":{"line":63,"column":4},"end":{"line":63,"column":22}},"31":{"start":{"line":69,"column":4},"end":{"line":73,"column":7}},"32":{"start":{"line":71,"column":4},"end":{"line":71,"column":23}},"33":{"start":{"line":71,"column":13},"end":{"line":71,"column":23}},"34":{"start":{"line":72,"column":4},"end":{"line":72,"column":22}},"35":{"start":{"line":78,"column":4},"end":{"line":82,"column":7}},"36":{"start":{"line":80,"column":4},"end":{"line":80,"column":23}},"37":{"start":{"line":80,"column":13},"end":{"line":80,"column":23}},"38":{"start":{"line":81,"column":4},"end":{"line":81,"column":22}},"39":{"start":{"line":87,"column":4},"end":{"line":90,"column":7}},"40":{"start":{"line":88,"column":8},"end":{"line":88,"column":27}},"41":{"start":{"line":88,"column":17},"end":{"line":88,"column":27}},"42":{"start":{"line":89,"column":8},"end":{"line":89,"column":26}},"43":{"start":{"line":95,"column":4},"end":{"line":95,"column":79}},"44":{"start":{"line":96,"column":4},"end":{"line":104,"column":7}},"45":{"start":{"line":97,"column":8},"end":{"line":97,"column":27}},"46":{"start":{"line":97,"column":17},"end":{"line":97,"column":27}},"47":{"start":{"line":98,"column":8},"end":{"line":103,"column":9}},"48":{"start":{"line":99,"column":12},"end":{"line":99,"column":71}},"49":{"start":{"line":101,"column":12},"end":{"line":101,"column":33}},"50":{"start":{"line":102,"column":12},"end":{"line":102,"column":40}},"51":{"start":{"line":108,"column":4},"end":{"line":109,"column":37}},"52":{"start":{"line":110,"column":15},"end":{"line":110,"column":25}},"53":{"start":{"line":111,"column":4},"end":{"line":114,"column":7}},"54":{"start":{"line":112,"column":8},"end":{"line":112,"column":27}},"55":{"start":{"line":112,"column":17},"end":{"line":112,"column":27}},"56":{"start":{"line":113,"column":8},"end":{"line":113,"column":19}},"57":{"start":{"line":119,"column":4},"end":{"line":123,"column":7}},"58":{"start":{"line":121,"column":4},"end":{"line":121,"column":23}},"59":{"start":{"line":121,"column":13},"end":{"line":121,"column":23}},"60":{"start":{"line":122,"column":4},"end":{"line":122,"column":22}},"61":{"start":{"line":127,"column":4},"end":{"line":130,"column":7}},"62":{"start":{"line":128,"column":8},"end":{"line":128,"column":27}},"63":{"start":{"line":128,"column":17},"end":{"line":128,"column":27}},"64":{"start":{"line":129,"column":8},"end":{"line":129,"column":48}},"65":{"start":{"line":134,"column":4},"end":{"line":137,"column":7}},"66":{"start":{"line":135,"column":8},"end":{"line":135,"column":38}},"67":{"start":{"line":135,"column":17},"end":{"line":135,"column":38}},"68":{"start":{"line":136,"column":8},"end":{"line":136,"column":58}},"69":{"start":{"line":142,"column":4},"end":{"line":145,"column":7}},"70":{"start":{"line":143,"column":8},"end":{"line":143,"column":26}},"71":{"start":{"line":143,"column":16},"end":{"line":143,"column":26}},"72":{"start":{"line":144,"column":8},"end":{"line":144,"column":28}},"73":{"start":{"line":149,"column":4},"end":{"line":152,"column":7}},"74":{"start":{"line":150,"column":8},"end":{"line":150,"column":26}},"75":{"start":{"line":150,"column":16},"end":{"line":150,"column":26}},"76":{"start":{"line":151,"column":8},"end":{"line":151,"column":19}},"77":{"start":{"line":156,"column":4},"end":{"line":159,"column":7}},"78":{"start":{"line":157,"column":8},"end":{"line":157,"column":26}},"79":{"start":{"line":157,"column":16},"end":{"line":157,"column":26}},"80":{"start":{"line":158,"column":8},"end":{"line":158,"column":19}}},"fnMap":{"0":{"name":"(anonymous_0)","decl":{"start":{"line":4,"column":6},"end":{"line":4,"column":7}},"loc":{"start":{"line":4,"column":29},"end":{"line":9,"column":1}},"line":4},"1":{"name":"(anonymous_1)","decl":{"start":{"line":5,"column":58},"end":{"line":5,"column":59}},"loc":{"start":{"line":5,"column":80},"end":{"line":8,"column":5}},"line":5},"2":{"name":"(anonymous_2)","decl":{"start":{"line":12,"column":38},"end":{"line":12,"column":39}},"loc":{"start":{"line":12,"column":58},"end":{"line":18,"column":1}},"line":12},"3":{"name":"(anonymous_3)","decl":{"start":{"line":13,"column":143},"end":{"line":13,"column":144}},"loc":{"start":{"line":14,"column":19},"end":{"line":17,"column":5}},"line":14},"4":{"name":"(anonymous_4)","decl":{"start":{"line":21,"column":35},"end":{"line":21,"column":36}},"loc":{"start":{"line":21,"column":55},"end":{"line":27,"column":1}},"line":21},"5":{"name":"(anonymous_5)","decl":{"start":{"line":22,"column":183},"end":{"line":22,"column":184}},"loc":{"start":{"line":23,"column":19},"end":{"line":26,"column":5}},"line":23},"6":{"name":"(anonymous_6)","decl":{"start":{"line":30,"column":41},"end":{"line":30,"column":42}},"loc":{"start":{"line":30,"column":61},"end":{"line":36,"column":1}},"line":30},"7":{"name":"(anonymous_7)","decl":{"start":{"line":31,"column":265},"end":{"line":31,"column":266}},"loc":{"start":{"line":32,"column":19},"end":{"line":35,"column":5}},"line":32},"8":{"name":"(anonymous_8)","decl":{"start":{"line":39,"column":38},"end":{"line":39,"column":39}},"loc":{"start":{"line":39,"column":58},"end":{"line":45,"column":1}},"line":39},"9":{"name":"(anonymous_9)","decl":{"start":{"line":40,"column":308},"end":{"line":40,"column":309}},"loc":{"start":{"line":41,"column":19},"end":{"line":44,"column":5}},"line":41},"10":{"name":"(anonymous_10)","decl":{"start":{"line":48,"column":37},"end":{"line":48,"column":38}},"loc":{"start":{"line":48,"column":57},"end":{"line":55,"column":1}},"line":48},"11":{"name":"(anonymous_11)","decl":{"start":{"line":51,"column":4},"end":{"line":51,"column":5}},"loc":{"start":{"line":51,"column":27},"end":{"line":54,"column":5}},"line":51},"12":{"name":"(anonymous_12)","decl":{"start":{"line":58,"column":34},"end":{"line":58,"column":35}},"loc":{"start":{"line":58,"column":54},"end":{"line":65,"column":1}},"line":58},"13":{"name":"(anonymous_13)","decl":{"start":{"line":61,"column":4},"end":{"line":61,"column":5}},"loc":{"start":{"line":61,"column":27},"end":{"line":64,"column":5}},"line":61},"14":{"name":"(anonymous_14)","decl":{"start":{"line":68,"column":34},"end":{"line":68,"column":35}},"loc":{"start":{"line":68,"column":54},"end":{"line":74,"column":1}},"line":68},"15":{"name":"(anonymous_15)","decl":{"start":{"line":69,"column":135},"end":{"line":69,"column":136}},"loc":{"start":{"line":70,"column":19},"end":{"line":73,"column":5}},"line":70},"16":{"name":"(anonymous_16)","decl":{"start":{"line":77,"column":31},"end":{"line":77,"column":32}},"loc":{"start":{"line":77,"column":51},"end":{"line":83,"column":1}},"line":77},"17":{"name":"(anonymous_17)","decl":{"start":{"line":78,"column":171},"end":{"line":78,"column":172}},"loc":{"start":{"line":79,"column":19},"end":{"line":82,"column":5}},"line":79},"18":{"name":"(anonymous_18)","decl":{"start":{"line":86,"column":9},"end":{"line":86,"column":10}},"loc":{"start":{"line":86,"column":28},"end":{"line":91,"column":1}},"line":86},"19":{"name":"(anonymous_19)","decl":{"start":{"line":87,"column":43},"end":{"line":87,"column":44}},"loc":{"start":{"line":87,"column":66},"end":{"line":90,"column":5}},"line":87},"20":{"name":"(anonymous_20)","decl":{"start":{"line":94,"column":7},"end":{"line":94,"column":8}},"loc":{"start":{"line":94,"column":43},"end":{"line":105,"column":1}},"line":94},"21":{"name":"(anonymous_21)","decl":{"start":{"line":96,"column":32},"end":{"line":96,"column":33}},"loc":{"start":{"line":96,"column":55},"end":{"line":104,"column":5}},"line":96},"22":{"name":"(anonymous_22)","decl":{"start":{"line":107,"column":17},"end":{"line":107,"column":18}},"loc":{"start":{"line":107,"column":72},"end":{"line":115,"column":1}},"line":107},"23":{"name":"(anonymous_23)","decl":{"start":{"line":111,"column":150},"end":{"line":111,"column":151}},"loc":{"start":{"line":111,"column":173},"end":{"line":114,"column":5}},"line":111},"24":{"name":"(anonymous_24)","decl":{"start":{"line":118,"column":34},"end":{"line":118,"column":35}},"loc":{"start":{"line":118,"column":54},"end":{"line":124,"column":1}},"line":118},"25":{"name":"(anonymous_25)","decl":{"start":{"line":119,"column":135},"end":{"line":119,"column":136}},"loc":{"start":{"line":120,"column":19},"end":{"line":123,"column":5}},"line":120},"26":{"name":"(anonymous_26)","decl":{"start":{"line":126,"column":25},"end":{"line":126,"column":26}},"loc":{"start":{"line":126,"column":49},"end":{"line":131,"column":1}},"line":126},"27":{"name":"(anonymous_27)","decl":{"start":{"line":127,"column":77},"end":{"line":127,"column":78}},"loc":{"start":{"line":127,"column":101},"end":{"line":130,"column":5}},"line":127},"28":{"name":"(anonymous_28)","decl":{"start":{"line":133,"column":29},"end":{"line":133,"column":30}},"loc":{"start":{"line":133,"column":53},"end":{"line":138,"column":1}},"line":133},"29":{"name":"(anonymous_29)","decl":{"start":{"line":134,"column":81},"end":{"line":134,"column":82}},"loc":{"start":{"line":134,"column":104},"end":{"line":137,"column":5}},"line":134},"30":{"name":"(anonymous_30)","decl":{"start":{"line":141,"column":13},"end":{"line":141,"column":14}},"loc":{"start":{"line":141,"column":34},"end":{"line":146,"column":1}},"line":141},"31":{"name":"(anonymous_31)","decl":{"start":{"line":142,"column":84},"end":{"line":142,"column":85}},"loc":{"start":{"line":142,"column":104},"end":{"line":145,"column":5}},"line":142},"32":{"name":"(anonymous_32)","decl":{"start":{"line":148,"column":20},"end":{"line":148,"column":21}},"loc":{"start":{"line":148,"column":45},"end":{"line":153,"column":1}},"line":148},"33":{"name":"(anonymous_33)","decl":{"start":{"line":149,"column":64},"end":{"line":149,"column":65}},"loc":{"start":{"line":149,"column":84},"end":{"line":152,"column":5}},"line":149},"34":{"name":"(anonymous_34)","decl":{"start":{"line":155,"column":17},"end":{"line":155,"column":18}},"loc":{"start":{"line":155,"column":39},"end":{"line":160,"column":1}},"line":155},"35":{"name":"(anonymous_35)","decl":{"start":{"line":156,"column":58},"end":{"line":156,"column":59}},"loc":{"start":{"line":156,"column":78},"end":{"line":159,"column":5}},"line":156}},"branchMap":{"0":{"loc":{"start":{"line":6,"column":8},"end":{"line":6,"column":27}},"type":"if","locations":[{"start":{"line":6,"column":8},"end":{"line":6,"column":27}},{"start":{},"end":{}}],"line":6},"1":{"loc":{"start":{"line":15,"column":4},"end":{"line":15,"column":23}},"type":"if","locations":[{"start":{"line":15,"column":4},"end":{"line":15,"column":23}},{"start":{},"end":{}}],"line":15},"2":{"loc":{"start":{"line":24,"column":4},"end":{"line":24,"column":23}},"type":"if","locations":[{"start":{"line":24,"column":4},"end":{"line":24,"column":23}},{"start":{},"end":{}}],"line":24},"3":{"loc":{"start":{"line":33,"column":4},"end":{"line":33,"column":23}},"type":"if","locations":[{"start":{"line":33,"column":4},"end":{"line":33,"column":23}},{"start":{},"end":{}}],"line":33},"4":{"loc":{"start":{"line":42,"column":4},"end":{"line":42,"column":23}},"type":"if","locations":[{"start":{"line":42,"column":4},"end":{"line":42,"column":23}},{"start":{},"end":{}}],"line":42},"5":{"loc":{"start":{"line":52,"column":4},"end":{"line":52,"column":23}},"type":"if","locations":[{"start":{"line":52,"column":4},"end":{"line":52,"column":23}},{"start":{},"end":{}}],"line":52},"6":{"loc":{"start":{"line":62,"column":4},"end":{"line":62,"column":23}},"type":"if","locations":[{"start":{"line":62,"column":4},"end":{"line":62,"column":23}},{"start":{},"end":{}}],"line":62},"7":{"loc":{"start":{"line":71,"column":4},"end":{"line":71,"column":23}},"type":"if","locations":[{"start":{"line":71,"column":4},"end":{"line":71,"column":23}},{"start":{},"end":{}}],"line":71},"8":{"loc":{"start":{"line":80,"column":4},"end":{"line":80,"column":23}},"type":"if","locations":[{"start":{"line":80,"column":4},"end":{"line":80,"column":23}},{"start":{},"end":{}}],"line":80},"9":{"loc":{"start":{"line":88,"column":8},"end":{"line":88,"column":27}},"type":"if","locations":[{"start":{"line":88,"column":8},"end":{"line":88,"column":27}},{"start":{},"end":{}}],"line":88},"10":{"loc":{"start":{"line":97,"column":8},"end":{"line":97,"column":27}},"type":"if","locations":[{"start":{"line":97,"column":8},"end":{"line":97,"column":27}},{"start":{},"end":{}}],"line":97},"11":{"loc":{"start":{"line":98,"column":8},"end":{"line":103,"column":9}},"type":"if","locations":[{"start":{"line":98,"column":8},"end":{"line":103,"column":9}},{"start":{"line":100,"column":15},"end":{"line":103,"column":9}}],"line":98},"12":{"loc":{"start":{"line":98,"column":12},"end":{"line":98,"column":62}},"type":"binary-expr","locations":[{"start":{"line":98,"column":12},"end":{"line":98,"column":31}},{"start":{"line":98,"column":35},"end":{"line":98,"column":62}}],"line":98},"13":{"loc":{"start":{"line":112,"column":8},"end":{"line":112,"column":27}},"type":"if","locations":[{"start":{"line":112,"column":8},"end":{"line":112,"column":27}},{"start":{},"end":{}}],"line":112},"14":{"loc":{"start":{"line":121,"column":4},"end":{"line":121,"column":23}},"type":"if","locations":[{"start":{"line":121,"column":4},"end":{"line":121,"column":23}},{"start":{},"end":{}}],"line":121},"15":{"loc":{"start":{"line":128,"column":8},"end":{"line":128,"column":27}},"type":"if","locations":[{"start":{"line":128,"column":8},"end":{"line":128,"column":27}},{"start":{},"end":{}}],"line":128},"16":{"loc":{"start":{"line":135,"column":8},"end":{"line":135,"column":38}},"type":"if","locations":[{"start":{"line":135,"column":8},"end":{"line":135,"column":38}},{"start":{},"end":{}}],"line":135},"17":{"loc":{"start":{"line":143,"column":8},"end":{"line":143,"column":26}},"type":"if","locations":[{"start":{"line":143,"column":8},"end":{"line":143,"column":26}},{"start":{},"end":{}}],"line":143},"18":{"loc":{"start":{"line":150,"column":8},"end":{"line":150,"column":26}},"type":"if","locations":[{"start":{"line":150,"column":8},"end":{"line":150,"column":26}},{"start":{},"end":{}}],"line":150},"19":{"loc":{"start":{"line":157,"column":8},"end":{"line":157,"column":26}},"type":"if","locations":[{"start":{"line":157,"column":8},"end":{"line":157,"column":26}},{"start":{},"end":{}}],"line":157}},"s":{"0":1,"1":1,"2":1,"3":0,"4":0,"5":0,"6":0,"7":0,"8":0,"9":0,"10":0,"11":0,"12":0,"13":0,"14":0,"15":0,"16":0,"17":0,"18":0,"19":0,"20":0,"21":0,"22":0,"23":0,"24":0,"25":0,"26":0,"27":0,"28":0,"29":0,"30":0,"31":0,"32":0,"33":0,"34":0,"35":0,"36":0,"37":0,"38":0,"39":0,"40":0,"41":0,"42":0,"43":0,"44":0,"45":0,"46":0,"47":0,"48":0,"49":0,"50":0,"51":0,"52":0,"53":0,"54":0,"55":0,"56":0,"57":0,"58":0,"59":0,"60":0,"61":0,"62":0,"63":0,"64":0,"65":0,"66":0,"67":0,"68":0,"69":0,"70":0,"71":0,"72":0,"73":0,"74":0,"75":0,"76":0,"77":0,"78":0,"79":0,"80":0},"f":{"0":0,"1":0,"2":0,"3":0,"4":0,"5":0,"6":0,"7":0,"8":0,"9":0,"10":0,"11":0,"12":0,"13":0,"14":0,"15":0,"16":0,"17":0,"18":0,"19":0,"20":0,"21":0,"22":0,"23":0,"24":0,"25":0,"26":0,"27":0,"28":0,"29":0,"30":0,"31":0,"32":0,"33":0,"34":0,"35":0},"b":{"0":[0,0],"1":[0,0],"2":[0,0],"3":[0,0],"4":[0,0],"5":[0,0],"6":[0,0],"7":[0,0],"8":[0,0],"9":[0,0],"10":[0,0],"11":[0,0],"12":[0,0],"13":[0,0],"14":[0,0],"15":[0,0],"16":[0,0],"17":[0,0],"18":[0,0],"19":[0,0]},"_coverageSchema":"1a1c01bbd47fc00a2c39e90264f33305004495a9","hash":"2142f731f50a611fb2d54d40da946a81730fac55"}
,"C:\\Users\\Russell ROJAS\\Desktop\\GI02\\SR10\\td\\sr10\\projet v2\\myapp\\routes\\admin.js": {"path":"C:\\Users\\Russell ROJAS\\Desktop\\GI02\\SR10\\td\\sr10\\projet v2\\myapp\\routes\\admin.js","statementMap":{"0":{"start":{"line":1,"column":14},"end":{"line":1,"column":32}},"1":{"start":{"line":2,"column":21},"end":{"line":2,"column":53}},"2":{"start":{"line":3,"column":13},"end":{"line":3,"column":29}},"3":{"start":{"line":7,"column":0},"end":{"line":13,"column":3}},"4":{"start":{"line":8,"column":2},"end":{"line":12,"column":5}},"5":{"start":{"line":9,"column":4},"end":{"line":11,"column":7}},"6":{"start":{"line":10,"column":6},"end":{"line":10,"column":147}},"7":{"start":{"line":16,"column":0},"end":{"line":22,"column":3}},"8":{"start":{"line":17,"column":2},"end":{"line":21,"column":5}},"9":{"start":{"line":18,"column":4},"end":{"line":20,"column":7}},"10":{"start":{"line":19,"column":6},"end":{"line":19,"column":162}},"11":{"start":{"line":25,"column":0},"end":{"line":31,"column":3}},"12":{"start":{"line":26,"column":2},"end":{"line":30,"column":5}},"13":{"start":{"line":27,"column":4},"end":{"line":29,"column":7}},"14":{"start":{"line":28,"column":6},"end":{"line":28,"column":135}},"15":{"start":{"line":34,"column":0},"end":{"line":40,"column":3}},"16":{"start":{"line":35,"column":2},"end":{"line":39,"column":5}},"17":{"start":{"line":36,"column":4},"end":{"line":38,"column":7}},"18":{"start":{"line":37,"column":6},"end":{"line":37,"column":156}},"19":{"start":{"line":42,"column":0},"end":{"line":46,"column":3}},"20":{"start":{"line":43,"column":2},"end":{"line":45,"column":5}},"21":{"start":{"line":44,"column":4},"end":{"line":44,"column":60}},"22":{"start":{"line":48,"column":0},"end":{"line":52,"column":3}},"23":{"start":{"line":49,"column":2},"end":{"line":51,"column":5}},"24":{"start":{"line":50,"column":4},"end":{"line":50,"column":64}},"25":{"start":{"line":54,"column":0},"end":{"line":54,"column":24}}},"fnMap":{"0":{"name":"(anonymous_0)","decl":{"start":{"line":7,"column":38},"end":{"line":7,"column":39}},"loc":{"start":{"line":7,"column":64},"end":{"line":13,"column":1}},"line":7},"1":{"name":"(anonymous_1)","decl":{"start":{"line":8,"column":59},"end":{"line":8,"column":60}},"loc":{"start":{"line":8,"column":88},"end":{"line":12,"column":3}},"line":8},"2":{"name":"(anonymous_2)","decl":{"start":{"line":9,"column":58},"end":{"line":9,"column":59}},"loc":{"start":{"line":9,"column":83},"end":{"line":11,"column":5}},"line":9},"3":{"name":"(anonymous_3)","decl":{"start":{"line":16,"column":55},"end":{"line":16,"column":56}},"loc":{"start":{"line":16,"column":81},"end":{"line":22,"column":1}},"line":16},"4":{"name":"(anonymous_4)","decl":{"start":{"line":17,"column":58},"end":{"line":17,"column":59}},"loc":{"start":{"line":17,"column":87},"end":{"line":21,"column":3}},"line":17},"5":{"name":"(anonymous_5)","decl":{"start":{"line":18,"column":57},"end":{"line":18,"column":58}},"loc":{"start":{"line":18,"column":82},"end":{"line":20,"column":5}},"line":18},"6":{"name":"(anonymous_6)","decl":{"start":{"line":25,"column":34},"end":{"line":25,"column":35}},"loc":{"start":{"line":25,"column":60},"end":{"line":31,"column":1}},"line":25},"7":{"name":"(anonymous_7)","decl":{"start":{"line":26,"column":55},"end":{"line":26,"column":56}},"loc":{"start":{"line":26,"column":84},"end":{"line":30,"column":3}},"line":26},"8":{"name":"(anonymous_8)","decl":{"start":{"line":27,"column":54},"end":{"line":27,"column":55}},"loc":{"start":{"line":27,"column":79},"end":{"line":29,"column":5}},"line":27},"9":{"name":"(anonymous_9)","decl":{"start":{"line":34,"column":41},"end":{"line":34,"column":42}},"loc":{"start":{"line":34,"column":67},"end":{"line":40,"column":1}},"line":34},"10":{"name":"(anonymous_10)","decl":{"start":{"line":35,"column":62},"end":{"line":35,"column":63}},"loc":{"start":{"line":35,"column":91},"end":{"line":39,"column":3}},"line":35},"11":{"name":"(anonymous_11)","decl":{"start":{"line":36,"column":61},"end":{"line":36,"column":62}},"loc":{"start":{"line":36,"column":86},"end":{"line":38,"column":5}},"line":36},"12":{"name":"(anonymous_12)","decl":{"start":{"line":42,"column":40},"end":{"line":42,"column":41}},"loc":{"start":{"line":42,"column":66},"end":{"line":46,"column":1}},"line":42},"13":{"name":"(anonymous_13)","decl":{"start":{"line":43,"column":30},"end":{"line":43,"column":31}},"loc":{"start":{"line":43,"column":46},"end":{"line":45,"column":3}},"line":43},"14":{"name":"(anonymous_14)","decl":{"start":{"line":48,"column":45},"end":{"line":48,"column":46}},"loc":{"start":{"line":48,"column":71},"end":{"line":52,"column":1}},"line":48},"15":{"name":"(anonymous_15)","decl":{"start":{"line":49,"column":30},"end":{"line":49,"column":31}},"loc":{"start":{"line":49,"column":46},"end":{"line":51,"column":3}},"line":49}},"branchMap":{},"s":{"0":1,"1":1,"2":1,"3":1,"4":0,"5":0,"6":0,"7":1,"8":0,"9":0,"10":0,"11":1,"12":0,"13":0,"14":0,"15":1,"16":0,"17":0,"18":0,"19":1,"20":0,"21":0,"22":1,"23":0,"24":0,"25":1},"f":{"0":0,"1":0,"2":0,"3":0,"4":0,"5":0,"6":0,"7":0,"8":0,"9":0,"10":0,"11":0,"12":0,"13":0,"14":0,"15":0},"b":{},"_coverageSchema":"1a1c01bbd47fc00a2c39e90264f33305004495a9","hash":"9a30ee74e0ac993375e5dd48520328ef5c912981"}
,"C:\\Users\\Russell ROJAS\\Desktop\\GI02\\SR10\\td\\sr10\\projet v2\\myapp\\routes\\candidat.js": {"path":"C:\\Users\\Russell ROJAS\\Desktop\\GI02\\SR10\\td\\sr10\\projet v2\\myapp\\routes\\candidat.js","statementMap":{"0":{"start":{"line":1,"column":14},"end":{"line":1,"column":32}},"1":{"start":{"line":2,"column":21},"end":{"line":2,"column":53}},"2":{"start":{"line":3,"column":22},"end":{"line":3,"column":55}},"3":{"start":{"line":4,"column":22},"end":{"line":4,"column":55}},"4":{"start":{"line":5,"column":21},"end":{"line":5,"column":53}},"5":{"start":{"line":6,"column":13},"end":{"line":6,"column":29}},"6":{"start":{"line":9,"column":0},"end":{"line":13,"column":3}},"7":{"start":{"line":10,"column":4},"end":{"line":12,"column":5}},"8":{"start":{"line":11,"column":8},"end":{"line":11,"column":63}},"9":{"start":{"line":15,"column":0},"end":{"line":26,"column":3}},"10":{"start":{"line":17,"column":15},"end":{"line":17,"column":16}},"11":{"start":{"line":18,"column":4},"end":{"line":25,"column":7}},"12":{"start":{"line":19,"column":8},"end":{"line":24,"column":11}},"13":{"start":{"line":20,"column":12},"end":{"line":23,"column":15}},"14":{"start":{"line":28,"column":0},"end":{"line":38,"column":3}},"15":{"start":{"line":29,"column":15},"end":{"line":29,"column":16}},"16":{"start":{"line":30,"column":4},"end":{"line":37,"column":7}},"17":{"start":{"line":31,"column":8},"end":{"line":36,"column":11}},"18":{"start":{"line":32,"column":12},"end":{"line":35,"column":15}},"19":{"start":{"line":42,"column":0},"end":{"line":49,"column":3}},"20":{"start":{"line":43,"column":15},"end":{"line":43,"column":16}},"21":{"start":{"line":44,"column":4},"end":{"line":48,"column":5}},"22":{"start":{"line":45,"column":8},"end":{"line":47,"column":9}},"23":{"start":{"line":52,"column":0},"end":{"line":59,"column":3}},"24":{"start":{"line":53,"column":14},"end":{"line":53,"column":15}},"25":{"start":{"line":54,"column":4},"end":{"line":58,"column":6}},"26":{"start":{"line":55,"column":8},"end":{"line":57,"column":10}},"27":{"start":{"line":62,"column":0},"end":{"line":69,"column":3}},"28":{"start":{"line":63,"column":20},"end":{"line":63,"column":21}},"29":{"start":{"line":64,"column":4},"end":{"line":68,"column":7}},"30":{"start":{"line":65,"column":8},"end":{"line":67,"column":11}},"31":{"start":{"line":72,"column":0},"end":{"line":78,"column":3}},"32":{"start":{"line":73,"column":4},"end":{"line":77,"column":6}},"33":{"start":{"line":74,"column":8},"end":{"line":76,"column":11}},"34":{"start":{"line":83,"column":0},"end":{"line":92,"column":3}},"35":{"start":{"line":84,"column":17},"end":{"line":84,"column":31}},"36":{"start":{"line":85,"column":15},"end":{"line":85,"column":27}},"37":{"start":{"line":86,"column":18},"end":{"line":86,"column":32}},"38":{"start":{"line":87,"column":25},"end":{"line":87,"column":46}},"39":{"start":{"line":89,"column":4},"end":{"line":91,"column":7}},"40":{"start":{"line":90,"column":8},"end":{"line":90,"column":57}},"41":{"start":{"line":94,"column":0},"end":{"line":94,"column":24}}},"fnMap":{"0":{"name":"(anonymous_0)","decl":{"start":{"line":9,"column":30},"end":{"line":9,"column":31}},"loc":{"start":{"line":9,"column":56},"end":{"line":13,"column":1}},"line":9},"1":{"name":"(anonymous_1)","decl":{"start":{"line":10,"column":48},"end":{"line":10,"column":49}},"loc":{"start":{"line":10,"column":65},"end":{"line":12,"column":3}},"line":10},"2":{"name":"(anonymous_2)","decl":{"start":{"line":15,"column":38},"end":{"line":15,"column":39}},"loc":{"start":{"line":15,"column":64},"end":{"line":26,"column":1}},"line":15},"3":{"name":"(anonymous_3)","decl":{"start":{"line":18,"column":45},"end":{"line":18,"column":46}},"loc":{"start":{"line":18,"column":72},"end":{"line":25,"column":5}},"line":18},"4":{"name":"(anonymous_4)","decl":{"start":{"line":19,"column":37},"end":{"line":19,"column":38}},"loc":{"start":{"line":19,"column":59},"end":{"line":24,"column":9}},"line":19},"5":{"name":"(anonymous_5)","decl":{"start":{"line":28,"column":42},"end":{"line":28,"column":43}},"loc":{"start":{"line":28,"column":68},"end":{"line":38,"column":1}},"line":28},"6":{"name":"(anonymous_6)","decl":{"start":{"line":30,"column":49},"end":{"line":30,"column":50}},"loc":{"start":{"line":30,"column":80},"end":{"line":37,"column":5}},"line":30},"7":{"name":"(anonymous_7)","decl":{"start":{"line":31,"column":37},"end":{"line":31,"column":38}},"loc":{"start":{"line":31,"column":59},"end":{"line":36,"column":9}},"line":31},"8":{"name":"(anonymous_8)","decl":{"start":{"line":42,"column":43},"end":{"line":42,"column":44}},"loc":{"start":{"line":42,"column":69},"end":{"line":49,"column":1}},"line":42},"9":{"name":"(anonymous_9)","decl":{"start":{"line":44,"column":53},"end":{"line":44,"column":54}},"loc":{"start":{"line":44,"column":77},"end":{"line":48,"column":3}},"line":44},"10":{"name":"(anonymous_10)","decl":{"start":{"line":52,"column":38},"end":{"line":52,"column":39}},"loc":{"start":{"line":52,"column":58},"end":{"line":59,"column":1}},"line":52},"11":{"name":"(anonymous_11)","decl":{"start":{"line":54,"column":43},"end":{"line":54,"column":44}},"loc":{"start":{"line":54,"column":70},"end":{"line":58,"column":5}},"line":54},"12":{"name":"(anonymous_12)","decl":{"start":{"line":62,"column":32},"end":{"line":62,"column":33}},"loc":{"start":{"line":62,"column":52},"end":{"line":69,"column":1}},"line":62},"13":{"name":"(anonymous_13)","decl":{"start":{"line":64,"column":44},"end":{"line":64,"column":45}},"loc":{"start":{"line":64,"column":67},"end":{"line":68,"column":5}},"line":64},"14":{"name":"(anonymous_14)","decl":{"start":{"line":72,"column":48},"end":{"line":72,"column":49}},"loc":{"start":{"line":72,"column":68},"end":{"line":78,"column":1}},"line":72},"15":{"name":"(anonymous_15)","decl":{"start":{"line":73,"column":46},"end":{"line":73,"column":47}},"loc":{"start":{"line":73,"column":69},"end":{"line":77,"column":5}},"line":73},"16":{"name":"(anonymous_16)","decl":{"start":{"line":83,"column":49},"end":{"line":83,"column":50}},"loc":{"start":{"line":83,"column":74},"end":{"line":92,"column":1}},"line":83},"17":{"name":"(anonymous_17)","decl":{"start":{"line":89,"column":70},"end":{"line":89,"column":71}},"loc":{"start":{"line":89,"column":88},"end":{"line":91,"column":5}},"line":89}},"branchMap":{},"s":{"0":1,"1":1,"2":1,"3":1,"4":1,"5":1,"6":1,"7":0,"8":0,"9":1,"10":0,"11":0,"12":0,"13":0,"14":1,"15":0,"16":0,"17":0,"18":0,"19":1,"20":0,"21":0,"22":0,"23":1,"24":0,"25":0,"26":0,"27":1,"28":0,"29":0,"30":0,"31":1,"32":0,"33":0,"34":1,"35":0,"36":0,"37":0,"38":0,"39":0,"40":0,"41":1},"f":{"0":0,"1":0,"2":0,"3":0,"4":0,"5":0,"6":0,"7":0,"8":0,"9":0,"10":0,"11":0,"12":0,"13":0,"14":0,"15":0,"16":0,"17":0},"b":{},"_coverageSchema":"1a1c01bbd47fc00a2c39e90264f33305004495a9","hash":"7fe4292c9887526dfca4f57822f238274ba0f1b7"}
,"C:\\Users\\Russell ROJAS\\Desktop\\GI02\\SR10\\td\\sr10\\projet v2\\myapp\\routes\\index.js": {"path":"C:\\Users\\Russell ROJAS\\Desktop\\GI02\\SR10\\td\\sr10\\projet v2\\myapp\\routes\\index.js","statementMap":{"0":{"start":{"line":1,"column":14},"end":{"line":1,"column":32}},"1":{"start":{"line":2,"column":13},"end":{"line":2,"column":29}},"2":{"start":{"line":3,"column":21},"end":{"line":3,"column":53}},"3":{"start":{"line":4,"column":16},"end":{"line":4,"column":37}},"4":{"start":{"line":7,"column":0},"end":{"line":9,"column":3}},"5":{"start":{"line":8,"column":2},"end":{"line":8,"column":24}},"6":{"start":{"line":12,"column":0},"end":{"line":14,"column":3}},"7":{"start":{"line":13,"column":2},"end":{"line":13,"column":32}},"8":{"start":{"line":17,"column":0},"end":{"line":33,"column":3}},"9":{"start":{"line":18,"column":21},"end":{"line":18,"column":35}},"10":{"start":{"line":19,"column":19},"end":{"line":19,"column":36}},"11":{"start":{"line":20,"column":2},"end":{"line":32,"column":5}},"12":{"start":{"line":21,"column":4},"end":{"line":31,"column":5}},"13":{"start":{"line":22,"column":6},"end":{"line":22,"column":74}},"14":{"start":{"line":23,"column":6},"end":{"line":27,"column":7}},"15":{"start":{"line":24,"column":8},"end":{"line":24,"column":53}},"16":{"start":{"line":26,"column":8},"end":{"line":26,"column":49}},"17":{"start":{"line":30,"column":6},"end":{"line":30,"column":50}},"18":{"start":{"line":36,"column":0},"end":{"line":44,"column":3}},"19":{"start":{"line":37,"column":19},"end":{"line":37,"column":31}},"20":{"start":{"line":38,"column":22},"end":{"line":38,"column":37}},"21":{"start":{"line":39,"column":19},"end":{"line":39,"column":37}},"22":{"start":{"line":40,"column":21},"end":{"line":40,"column":35}},"23":{"start":{"line":41,"column":19},"end":{"line":41,"column":36}},"24":{"start":{"line":42,"column":2},"end":{"line":43,"column":5}},"25":{"start":{"line":46,"column":0},"end":{"line":46,"column":24}}},"fnMap":{"0":{"name":"(anonymous_0)","decl":{"start":{"line":7,"column":16},"end":{"line":7,"column":17}},"loc":{"start":{"line":7,"column":41},"end":{"line":9,"column":1}},"line":7},"1":{"name":"(anonymous_1)","decl":{"start":{"line":12,"column":31},"end":{"line":12,"column":32}},"loc":{"start":{"line":12,"column":56},"end":{"line":14,"column":1}},"line":12},"2":{"name":"(anonymous_2)","decl":{"start":{"line":17,"column":17},"end":{"line":17,"column":18}},"loc":{"start":{"line":17,"column":42},"end":{"line":33,"column":1}},"line":17},"3":{"name":"(anonymous_3)","decl":{"start":{"line":20,"column":52},"end":{"line":20,"column":53}},"loc":{"start":{"line":20,"column":97},"end":{"line":32,"column":3}},"line":20},"4":{"name":"(anonymous_4)","decl":{"start":{"line":36,"column":32},"end":{"line":36,"column":33}},"loc":{"start":{"line":36,"column":57},"end":{"line":44,"column":1}},"line":36},"5":{"name":"(anonymous_5)","decl":{"start":{"line":42,"column":95},"end":{"line":42,"column":96}},"loc":{"start":{"line":42,"column":105},"end":{"line":43,"column":3}},"line":42}},"branchMap":{"0":{"loc":{"start":{"line":21,"column":4},"end":{"line":31,"column":5}},"type":"if","locations":[{"start":{"line":21,"column":4},"end":{"line":31,"column":5}},{"start":{"line":29,"column":8},"end":{"line":31,"column":5}}],"line":21},"1":{"loc":{"start":{"line":23,"column":6},"end":{"line":27,"column":7}},"type":"if","locations":[{"start":{"line":23,"column":6},"end":{"line":27,"column":7}},{"start":{"line":25,"column":10},"end":{"line":27,"column":7}}],"line":23}},"s":{"0":1,"1":1,"2":1,"3":1,"4":1,"5":1,"6":1,"7":0,"8":1,"9":0,"10":0,"11":0,"12":0,"13":0,"14":0,"15":0,"16":0,"17":0,"18":1,"19":0,"20":0,"21":0,"22":0,"23":0,"24":0,"25":1},"f":{"0":1,"1":0,"2":0,"3":0,"4":0,"5":0},"b":{"0":[0,0],"1":[0,0]},"_coverageSchema":"1a1c01bbd47fc00a2c39e90264f33305004495a9","hash":"749ad44962cd1a19cf39056ad3d4cd70d9ecd89c"}
,"C:\\Users\\Russell ROJAS\\Desktop\\GI02\\SR10\\td\\sr10\\projet v2\\myapp\\routes\\recruteur.js": {"path":"C:\\Users\\Russell ROJAS\\Desktop\\GI02\\SR10\\td\\sr10\\projet v2\\myapp\\routes\\recruteur.js","statementMap":{"0":{"start":{"line":1,"column":14},"end":{"line":1,"column":32}},"1":{"start":{"line":2,"column":21},"end":{"line":2,"column":53}},"2":{"start":{"line":3,"column":22},"end":{"line":3,"column":55}},"3":{"start":{"line":4,"column":22},"end":{"line":4,"column":55}},"4":{"start":{"line":5,"column":21},"end":{"line":5,"column":53}},"5":{"start":{"line":6,"column":13},"end":{"line":6,"column":29}},"6":{"start":{"line":9,"column":0},"end":{"line":19,"column":3}},"7":{"start":{"line":10,"column":16},"end":{"line":10,"column":27}},"8":{"start":{"line":11,"column":2},"end":{"line":18,"column":5}},"9":{"start":{"line":12,"column":4},"end":{"line":17,"column":7}},"10":{"start":{"line":13,"column":6},"end":{"line":16,"column":9}},"11":{"start":{"line":22,"column":0},"end":{"line":33,"column":3}},"12":{"start":{"line":23,"column":13},"end":{"line":23,"column":14}},"13":{"start":{"line":24,"column":16},"end":{"line":24,"column":27}},"14":{"start":{"line":25,"column":2},"end":{"line":32,"column":5}},"15":{"start":{"line":26,"column":4},"end":{"line":31,"column":7}},"16":{"start":{"line":27,"column":6},"end":{"line":30,"column":9}},"17":{"start":{"line":35,"column":0},"end":{"line":35,"column":24}}},"fnMap":{"0":{"name":"(anonymous_0)","decl":{"start":{"line":9,"column":31},"end":{"line":9,"column":32}},"loc":{"start":{"line":9,"column":57},"end":{"line":19,"column":1}},"line":9},"1":{"name":"(anonymous_1)","decl":{"start":{"line":11,"column":54},"end":{"line":11,"column":55}},"loc":{"start":{"line":11,"column":77},"end":{"line":18,"column":3}},"line":11},"2":{"name":"(anonymous_2)","decl":{"start":{"line":12,"column":44},"end":{"line":12,"column":45}},"loc":{"start":{"line":12,"column":64},"end":{"line":17,"column":5}},"line":12},"3":{"name":"(anonymous_3)","decl":{"start":{"line":22,"column":40},"end":{"line":22,"column":41}},"loc":{"start":{"line":22,"column":60},"end":{"line":33,"column":1}},"line":22},"4":{"name":"(anonymous_4)","decl":{"start":{"line":25,"column":65},"end":{"line":25,"column":66}},"loc":{"start":{"line":25,"column":86},"end":{"line":32,"column":3}},"line":25},"5":{"name":"(anonymous_5)","decl":{"start":{"line":26,"column":44},"end":{"line":26,"column":45}},"loc":{"start":{"line":26,"column":65},"end":{"line":31,"column":5}},"line":26}},"branchMap":{},"s":{"0":1,"1":1,"2":1,"3":1,"4":1,"5":1,"6":1,"7":0,"8":0,"9":0,"10":0,"11":1,"12":0,"13":0,"14":0,"15":0,"16":0,"17":1},"f":{"0":0,"1":0,"2":0,"3":0,"4":0,"5":0},"b":{},"_coverageSchema":"1a1c01bbd47fc00a2c39e90264f33305004495a9","hash":"029f50feb10107bda46e3f11853c7597963ca2d2"}
}
